2025-04-21 14:12:21,220 - windsurf_settings - INFO - Đã tải cấu hình từ /Users/dannv/.windsurf_memory/config.json
2025-04-21 14:12:21,538 - windsurf_api - INFO - Sử dụng WindSurf API giả lập
2025-04-21 14:12:21,699 - windsurf_utils - INFO - API client đã được khởi tạo
2025-04-21 14:12:21,763 - windsurf_utils - INFO - Đã tải dữ liệu mẫu
2025-04-21 14:13:21,226 - windsurf_utils - INFO - Kéo thả task TASK-104 từ cột TO DO (todo) sang cột IN PROGRESS (in_progress)
2025-04-21 14:13:21,226 - windsurf_utils - INFO - Di chuyển task TASK-104 từ todo sang in_progress
2025-04-21 14:13:21,739 - windsurf_utils - INFO - Đã thêm hoạt động mới: Task TASK-104 moved to in_progress
2025-04-21 14:13:21,745 - windsurf_utils - INFO - Kéo thả thành công task TASK-104
2025-04-21 14:13:23,228 - windsurf_utils - INFO - Kéo thả task TASK-104 từ cột IN PROGRESS (in_progress) sang cột TO DO (todo)
2025-04-21 14:13:23,229 - windsurf_utils - INFO - Di chuyển task TASK-104 từ in_progress sang todo
2025-04-21 14:13:23,757 - windsurf_utils - INFO - Đã thêm hoạt động mới: Task TASK-104 moved to todo
2025-04-21 14:13:23,766 - windsurf_utils - INFO - Kéo thả thành công task TASK-104
2025-04-21 14:13:46,752 - windsurf_settings - INFO - Đã tải cấu hình từ /Users/dannv/.windsurf_memory/config.json
2025-04-21 14:13:46,996 - windsurf_api - INFO - Sử dụng WindSurf API giả lập
2025-04-21 14:13:47,138 - root - INFO - API client đã được khởi tạo
2025-04-21 14:13:47,211 - root - INFO - Đã tải dữ liệu mẫu
2025-04-21 14:18:53,827 - windsurf_settings - INFO - Đã tải cấu hình từ /Users/dannv/.windsurf_memory/config.json
2025-04-21 14:18:54,126 - windsurf_api - INFO - Sử dụng WindSurf API giả lập
2025-04-21 14:18:54,293 - root - INFO - API client đã được khởi tạo
2025-04-21 14:18:54,356 - root - INFO - Đã tải dữ liệu mẫu
2025-04-21 14:31:10,834 - windsurf_settings - INFO - Đã tải cấu hình từ /Users/dannv/.windsurf_memory/config.json
2025-04-21 14:33:55,130 - windsurf_settings - INFO - Đã tải cấu hình từ /Users/dannv/.windsurf_memory/config.json
2025-04-21 14:33:55,396 - windsurf_api - INFO - Sử dụng WindSurf API giả lập
2025-04-21 14:33:55,567 - root - INFO - API client đã được khởi tạo
2025-04-21 14:33:55,634 - root - INFO - Đã tải dữ liệu mẫu
2025-04-21 14:33:59,985 - root - INFO - 
=== Bắt đầu giả lập sự kiện từ editor ===
2025-04-21 14:33:59,985 - root - INFO - [DEBUG] Đã gọi handle_editor_event với event_type: task_created
2025-04-21 14:33:59,985 - root - INFO - [DEBUG] event_data đầy đủ: {'type': 'task_created', 'task_id': 'WIND-DEMO-143359', 'title': '[DEMO] Task giả lập', 'description': 'Task được tạo tự động để kiểm thử', 'priority': 'Medium', 'status': 'todo', 'timestamp': '2025-04-21T14:33:59.985637', 'source': 'windsurf_editor'}
2025-04-21 14:33:59,986 - root - INFO - [DEBUG] Gọi handle_task_created với event_data: {'type': 'task_created', 'task_id': 'WIND-DEMO-143359', 'title': '[DEMO] Task giả lập', 'description': 'Task được tạo tự động để kiểm thử', 'priority': 'Medium', 'status': 'todo', 'timestamp': '2025-04-21T14:33:59.985637', 'source': 'windsurf_editor'}
2025-04-21 14:33:59,989 - root - INFO - Đã thêm hoạt động mới: Task mới: WIND-DEMO-143359 - [DEMO] Task giả lập
2025-04-21 14:33:59,989 - root - INFO - [DEBUG] Đã gọi handle_editor_event với event_type: task_updated
2025-04-21 14:33:59,989 - root - INFO - [DEBUG] event_data đầy đủ: {'type': 'task_updated', 'task_id': 'WIND-DEMO-143359', 'changes': {'status': 'in_progress'}, 'timestamp': '2025-04-21T14:33:59.989203', 'source': 'windsurf_editor'}
2025-04-21 14:33:59,989 - root - INFO - [DEBUG] Gọi handle_task_updated với event_data: {'type': 'task_updated', 'task_id': 'WIND-DEMO-143359', 'changes': {'status': 'in_progress'}, 'timestamp': '2025-04-21T14:33:59.989203', 'source': 'windsurf_editor'}
2025-04-21 14:33:59,989 - root - INFO - Di chuyển task WIND-DEMO-143359 từ todo sang in_progress
2025-04-21 14:34:00,521 - root - INFO - Đã thêm hoạt động mới: Task WIND-DEMO-143359 moved to in_progress
2025-04-21 14:34:00,522 - root - INFO - Đã thêm hoạt động mới: Task WIND-DEMO-143359 chuyển từ todo sang in_progress
2025-04-21 14:34:00,523 - root - INFO - === Hoàn thành giả lập ===
2025-04-21 14:34:28,054 - root - INFO - 
=== Bắt đầu giả lập sự kiện từ editor ===
2025-04-21 14:34:28,055 - root - INFO - [DEBUG] Đã gọi handle_editor_event với event_type: task_created
2025-04-21 14:34:28,056 - root - INFO - [DEBUG] event_data đầy đủ: {'type': 'task_created', 'task_id': 'WIND-DEMO-143428', 'title': '[DEMO] Task giả lập', 'description': 'Task được tạo tự động để kiểm thử', 'priority': 'Medium', 'status': 'todo', 'timestamp': '2025-04-21T14:34:28.055831', 'source': 'windsurf_editor'}
2025-04-21 14:34:28,056 - root - INFO - [DEBUG] Gọi handle_task_created với event_data: {'type': 'task_created', 'task_id': 'WIND-DEMO-143428', 'title': '[DEMO] Task giả lập', 'description': 'Task được tạo tự động để kiểm thử', 'priority': 'Medium', 'status': 'todo', 'timestamp': '2025-04-21T14:34:28.055831', 'source': 'windsurf_editor'}
2025-04-21 14:34:28,059 - root - INFO - Đã thêm hoạt động mới: Task mới: WIND-DEMO-143428 - [DEMO] Task giả lập
2025-04-21 14:34:28,059 - root - INFO - [DEBUG] Đã gọi handle_editor_event với event_type: task_updated
2025-04-21 14:34:28,059 - root - INFO - [DEBUG] event_data đầy đủ: {'type': 'task_updated', 'task_id': 'WIND-DEMO-143428', 'changes': {'status': 'in_progress'}, 'timestamp': '2025-04-21T14:34:28.059452', 'source': 'windsurf_editor'}
2025-04-21 14:34:28,059 - root - INFO - [DEBUG] Gọi handle_task_updated với event_data: {'type': 'task_updated', 'task_id': 'WIND-DEMO-143428', 'changes': {'status': 'in_progress'}, 'timestamp': '2025-04-21T14:34:28.059452', 'source': 'windsurf_editor'}
2025-04-21 14:34:28,059 - root - INFO - Di chuyển task WIND-DEMO-143428 từ todo sang in_progress
2025-04-21 14:34:28,582 - root - INFO - Đã thêm hoạt động mới: Task WIND-DEMO-143428 moved to in_progress
2025-04-21 14:34:28,585 - root - INFO - Đã thêm hoạt động mới: Task WIND-DEMO-143428 chuyển từ todo sang in_progress
2025-04-21 14:34:28,585 - root - INFO - === Hoàn thành giả lập ===
